# JRE version: OpenJDK Runtime Environment (8.0_152-b02) (build 1.8.0_152-release-1024-b02)
# Java VM: OpenJDK 64-Bit Server VM (25.152-b02 mixed mode windows-amd64 compressed oops)
Heap:
 PSYoungGen      total 263168K, used 262390K [0x00000000e0000000, 0x00000000f7700000, 0x0000000100000000)
  eden space 222208K, 99% used [0x00000000e0000000,0x00000000ed8410a8,0x00000000ed900000)
  from space 40960K, 99% used [0x00000000ed900000,0x00000000f00fc7f8,0x00000000f0100000)
  to   space 56320K, 78% used [0x00000000f4000000,0x00000000f6b63260,0x00000000f7700000)
 ParOldGen       total 421376K, used 76216K [0x00000000a0000000, 0x00000000b9b80000, 0x00000000e0000000)
  object space 421376K, 18% used [0x00000000a0000000,0x00000000a4a6e2d0,0x00000000b9b80000)
 Metaspace       used 75751K, capacity 78058K, committed 78168K, reserved 1118208K
  class space    used 9536K, capacity 10057K, committed 10112K, reserved 1048576K
GC Heap History (10 events):
Event: 26.715 GC heap after
Heap after GC invocations=10 (full 2):
 PSYoungGen      total 230400K, used 20913K [0x00000000e0000000, 0x00000000eff80000, 0x0000000100000000)
  eden space 201216K, 0% used [0x00000000e0000000,0x00000000e0000000,0x00000000ec480000)
  from space 29184K, 71% used [0x00000000ee180000,0x00000000ef5ec428,0x00000000efe00000)
  to   space 29696K, 0% used [0x00000000ec480000,0x00000000ec480000,0x00000000ee180000)
 ParOldGen       total 283648K, used 39558K [0x00000000a0000000, 0x00000000b1500000, 0x00000000e0000000)
  object space 283648K, 13% used [0x00000000a0000000,0x00000000a26a18d0,0x00000000b1500000)
 Metaspace       used 57286K, capacity 58906K, committed 58968K, reserved 1099776K
  class space    used 7645K, capacity 8059K, committed 8064K, reserved 1048576K
}
Event: 26.715 GC heap before
{Heap before GC invocations=11 (full 3):
 PSYoungGen      total 230400K, used 20913K [0x00000000e0000000, 0x00000000eff80000, 0x0000000100000000)
  eden space 201216K, 0% used [0x00000000e0000000,0x00000000e0000000,0x00000000ec480000)
  from space 29184K, 71% used [0x00000000ee180000,0x00000000ef5ec428,0x00000000efe00000)
  to   space 29696K, 0% used [0x00000000ec480000,0x00000000ec480000,0x00000000ee180000)
 ParOldGen       total 283648K, used 39558K [0x00000000a0000000, 0x00000000b1500000, 0x00000000e0000000)
  object space 283648K, 13% used [0x00000000a0000000,0x00000000a26a18d0,0x00000000b1500000)
 Metaspace       used 57286K, capacity 58906K, committed 58968K, reserved 1099776K
  class space    used 7645K, capacity 8059K, committed 8064K, reserved 1048576K
Event: 26.893 GC heap after
Heap after GC invocations=11 (full 3):
 PSYoungGen      total 230400K, used 0K [0x00000000e0000000, 0x00000000eff80000, 0x0000000100000000)
  eden space 201216K, 0% used [0x00000000e0000000,0x00000000e0000000,0x00000000ec480000)
  from space 29184K, 0% used [0x00000000ee180000,0x00000000ee180000,0x00000000efe00000)
  to   space 29696K, 0% used [0x00000000ec480000,0x00000000ec480000,0x00000000ee180000)
 ParOldGen       total 421376K, used 33529K [0x00000000a0000000, 0x00000000b9b80000, 0x00000000e0000000)
  object space 421376K, 7% used [0x00000000a0000000,0x00000000a20be6d0,0x00000000b9b80000)
 Metaspace       used 57286K, capacity 58906K, committed 58968K, reserved 1099776K
  class space    used 7645K, capacity 8059K, committed 8064K, reserved 1048576K
}
Event: 51.430 GC heap before
{Heap before GC invocations=12 (full 3):
 PSYoungGen      total 230400K, used 201216K [0x00000000e0000000, 0x00000000eff80000, 0x0000000100000000)
  eden space 201216K, 100% used [0x00000000e0000000,0x00000000ec480000,0x00000000ec480000)
  from space 29184K, 0% used [0x00000000ee180000,0x00000000ee180000,0x00000000efe00000)
  to   space 29696K, 0% used [0x00000000ec480000,0x00000000ec480000,0x00000000ee180000)
 ParOldGen       total 421376K, used 33529K [0x00000000a0000000, 0x00000000b9b80000, 0x00000000e0000000)
  object space 421376K, 7% used [0x00000000a0000000,0x00000000a20be6d0,0x00000000b9b80000)
 Metaspace       used 64305K, capacity 66484K, committed 66520K, reserved 1107968K
  class space    used 8423K, capacity 8936K, committed 8960K, reserved 1048576K
Event: 51.449 GC heap after
Heap after GC invocations=12 (full 3):
 PSYoungGen      total 230912K, used 23392K [0x00000000e0000000, 0x00000000f1f80000, 0x0000000100000000)
  eden space 201216K, 0% used [0x00000000e0000000,0x00000000e0000000,0x00000000ec480000)
  from space 29696K, 78% used [0x00000000ec480000,0x00000000edb58238,0x00000000ee180000)
  to   space 31232K, 0% used [0x00000000f0100000,0x00000000f0100000,0x00000000f1f80000)
 ParOldGen       total 421376K, used 33537K [0x00000000a0000000, 0x00000000b9b80000, 0x00000000e0000000)
  object space 421376K, 7% used [0x00000000a0000000,0x00000000a20c06d0,0x00000000b9b80000)
 Metaspace       used 64305K, capacity 66484K, committed 66520K, reserved 1107968K
  class space    used 8423K, capacity 8936K, committed 8960K, reserved 1048576K
}
Event: 54.091 GC heap before
{Heap before GC invocations=13 (full 3):
 PSYoungGen      total 230912K, used 224608K [0x00000000e0000000, 0x00000000f1f80000, 0x0000000100000000)
  eden space 201216K, 100% used [0x00000000e0000000,0x00000000ec480000,0x00000000ec480000)
  from space 29696K, 78% used [0x00000000ec480000,0x00000000edb58238,0x00000000ee180000)
  to   space 31232K, 0% used [0x00000000f0100000,0x00000000f0100000,0x00000000f1f80000)
 ParOldGen       total 421376K, used 33537K [0x00000000a0000000, 0x00000000b9b80000, 0x00000000e0000000)
  object space 421376K, 7% used [0x00000000a0000000,0x00000000a20c06d0,0x00000000b9b80000)
 Metaspace       used 72195K, capacity 74380K, committed 74456K, reserved 1114112K
  class space    used 9214K, capacity 9714K, committed 9728K, reserved 1048576K
Event: 54.124 GC heap after
Heap after GC invocations=13 (full 3):
 PSYoungGen      total 253440K, used 31203K [0x00000000e0000000, 0x00000000f3b80000, 0x0000000100000000)
  eden space 222208K, 0% used [0x00000000e0000000,0x00000000e0000000,0x00000000ed900000)
  from space 31232K, 99% used [0x00000000f0100000,0x00000000f1f78c18,0x00000000f1f80000)
  to   space 40960K, 0% used [0x00000000ed900000,0x00000000ed900000,0x00000000f0100000)
 ParOldGen       total 421376K, used 50000K [0x00000000a0000000, 0x00000000b9b80000, 0x00000000e0000000)
  object space 421376K, 11% used [0x00000000a0000000,0x00000000a30d4250,0x00000000b9b80000)
 Metaspace       used 72195K, capacity 74380K, committed 74456K, reserved 1114112K
  class space    used 9214K, capacity 9714K, committed 9728K, reserved 1048576K
}
Event: 57.541 GC heap before
{Heap before GC invocations=14 (full 3):
 PSYoungGen      total 253440K, used 253411K [0x00000000e0000000, 0x00000000f3b80000, 0x0000000100000000)
  eden space 222208K, 100% used [0x00000000e0000000,0x00000000ed900000,0x00000000ed900000)
  from space 31232K, 99% used [0x00000000f0100000,0x00000000f1f78c18,0x00000000f1f80000)
  to   space 40960K, 0% used [0x00000000ed900000,0x00000000ed900000,0x00000000f0100000)
 ParOldGen       total 421376K, used 50000K [0x00000000a0000000, 0x00000000b9b80000, 0x00000000e0000000)
  object space 421376K, 11% used [0x00000000a0000000,0x00000000a30d4250,0x00000000b9b80000)
 Metaspace       used 74086K, capacity 76236K, committed 76376K, reserved 1116160K
  class space    used 9340K, capacity 9842K, committed 9856K, reserved 1048576K
Event: 57.577 GC heap after
Heap after GC invocations=14 (full 3):
 PSYoungGen      total 263168K, used 40945K [0x00000000e0000000, 0x00000000f7700000, 0x0000000100000000)
  eden space 222208K, 0% used [0x00000000e0000000,0x00000000e0000000,0x00000000ed900000)
  from space 40960K, 99% used [0x00000000ed900000,0x00000000f00fc7f8,0x00000000f0100000)
  to   space 56320K, 0% used [0x00000000f4000000,0x00000000f4000000,0x00000000f7700000)
 ParOldGen       total 421376K, used 76208K [0x00000000a0000000, 0x00000000b9b80000, 0x00000000e0000000)
  object space 421376K, 18% used [0x00000000a0000000,0x00000000a4a6c2d0,0x00000000b9b80000)
 Metaspace       used 74086K, capacity 76236K, committed 76376K, reserved 1116160K
  class space    used 9340K, capacity 9842K, committed 9856K, reserved 1048576K
}
Event: 61.613 GC heap before
{Heap before GC invocations=15 (full 3):
 PSYoungGen      total 263168K, used 262390K [0x00000000e0000000, 0x00000000f7700000, 0x0000000100000000)
  eden space 222208K, 99% used [0x00000000e0000000,0x00000000ed8410a8,0x00000000ed900000)
  from space 40960K, 99% used [0x00000000ed900000,0x00000000f00fc7f8,0x00000000f0100000)
  to   space 56320K, 0% used [0x00000000f4000000,0x00000000f4000000,0x00000000f7700000)
 ParOldGen       total 421376K, used 76208K [0x00000000a0000000, 0x00000000b9b80000, 0x00000000e0000000)
  object space 421376K, 18% used [0x00000000a0000000,0x00000000a4a6c2d0,0x00000000b9b80000)
 Metaspace       used 75751K, capacity 78058K, committed 78168K, reserved 1118208K
  class space    used 9536K, capacity 10057K, committed 10112K, reserved 1048576K

